2025-02-28T10:01:13.902Z - ERROR: SQLITE_ERROR: table users has no column named version
Error: SQLITE_ERROR: table users has no column named version
2025-02-28T10:24:06.629Z - ERROR: Cannot read properties of undefined (reading 'split')
TypeError: Cannot read properties of undefined (reading 'split')
    at IncomingMessage.<anonymous> (file:///C:/Users/DWWM/Desktop/Current%20Training/Exercices/exoNode/exercice11/routes/users.js:93:37)
2025-02-28T10:30:03.963Z - ERROR: updatedArticle is not defined
ReferenceError: updatedArticle is not defined
    at IncomingMessage.<anonymous> (file:///C:/Users/DWWM/Desktop/Current%20Training/Exercices/exoNode/exercice11/routes/users.js:110:23)
2025-02-28T10:31:33.248Z - ERROR: SQLITE_ERROR: cannot commit - no transaction is active
Error: SQLITE_ERROR: cannot commit - no transaction is active
2025-02-28T12:22:08.344Z - ERROR: SQLITE_ERROR: cannot commit - no transaction is active
Error: SQLITE_ERROR: cannot commit - no transaction is active
2025-02-28T12:34:26.035Z - ERROR: SQLITE_ERROR: table articles has no column named version
Error: SQLITE_ERROR: table articles has no column named version
2025-02-28T12:36:34.294Z - ERROR: SQLITE_CONSTRAINT: NOT NULL constraint failed: articles.user_id
Error: SQLITE_CONSTRAINT: NOT NULL constraint failed: articles.user_id
2025-02-28T12:37:51.559Z - ERROR: Expected double-quoted property name in JSON at position 81 (line 5 column 1)
SyntaxError: Expected double-quoted property name in JSON at position 81 (line 5 column 1)
    at JSON.parse (<anonymous>)
    at IncomingMessage.<anonymous> (file:///C:/Users/DWWM/Desktop/Current%20Training/Exercices/exoNode/exercice11/routes/articles.js:120:31)
    at IncomingMessage.emit (node:events:518:28)
    at endReadableNT (node:internal/streams/readable:1698:12)
    at process.processTicksAndRejections (node:internal/process/task_queues:90:21)
2025-02-28T12:38:42.246Z - ERROR: SQLITE_CONSTRAINT: NOT NULL constraint failed: articles.user_id
Error: SQLITE_CONSTRAINT: NOT NULL constraint failed: articles.user_id
2025-02-28T12:39:46.833Z - ERROR: SQLITE_CONSTRAINT: NOT NULL constraint failed: articles.user_id
Error: SQLITE_CONSTRAINT: NOT NULL constraint failed: articles.user_id
2025-02-28T12:44:32.771Z - ERROR: newArticle.user_id.trim is not a function
TypeError: newArticle.user_id.trim is not a function
    at IncomingMessage.<anonymous> (file:///C:/Users/DWWM/Desktop/Current%20Training/Exercices/exoNode/exercice11/routes/articles.js:142:29)
    at IncomingMessage.emit (node:events:518:28)
    at endReadableNT (node:internal/streams/readable:1698:12)
    at process.processTicksAndRejections (node:internal/process/task_queues:90:21)
2025-02-28T12:49:56.936Z - ERROR: newArticle.user_id.trim is not a function
TypeError: newArticle.user_id.trim is not a function
    at IncomingMessage.<anonymous> (file:///C:/Users/DWWM/Desktop/Current%20Training/Exercices/exoNode/exercice11/routes/articles.js:142:29)
    at IncomingMessage.emit (node:events:518:28)
    at endReadableNT (node:internal/streams/readable:1698:12)
    at process.processTicksAndRejections (node:internal/process/task_queues:90:21)
2025-02-28T13:29:21.776Z - ERROR: SQLITE_CONSTRAINT: NOT NULL constraint failed: articles.user_id
Error: SQLITE_CONSTRAINT: NOT NULL constraint failed: articles.user_id
2025-02-28T13:30:09.334Z - ERROR: SQLITE_CONSTRAINT: NOT NULL constraint failed: articles.user_id
Error: SQLITE_CONSTRAINT: NOT NULL constraint failed: articles.user_id
2025-02-28T13:32:40.938Z - ERROR: newArticle is not defined
ReferenceError: newArticle is not defined
    at IncomingMessage.<anonymous> (file:///C:/Users/DWWM/Desktop/Current%20Training/Exercices/exoNode/exercice11/routes/articles.js:239:10)
2025-02-28T14:09:56.818Z - ERROR: SQLITE_ERROR: no such column: user_id
Error: SQLITE_ERROR: no such column: user_id
2025-02-28T14:09:56.821Z - ERROR: Failed to fetch articles by userId
Error: Failed to fetch articles by userId
    at getArticleByUser (file:///C:/Users/DWWM/Desktop/Current%20Training/Exercices/exoNode/exercice11/routes/users.js:43:11)
    at async Server.requestListener (file:///C:/Users/DWWM/Desktop/Current%20Training/Exercices/exoNode/exercice11/server.js:61:30)
2025-02-28T14:10:34.349Z - ERROR: SQLITE_ERROR: no such column: user_id
Error: SQLITE_ERROR: no such column: user_id
2025-02-28T14:10:34.359Z - ERROR: Failed to fetch articles by userId
Error: Failed to fetch articles by userId
    at getArticleByUser (file:///C:/Users/DWWM/Desktop/Current%20Training/Exercices/exoNode/exercice11/routes/users.js:42:11)
    at async Server.requestListener (file:///C:/Users/DWWM/Desktop/Current%20Training/Exercices/exoNode/exercice11/server.js:61:30)
2025-02-28T14:10:59.868Z - ERROR: SQLITE_ERROR: no such column: user_id
Error: SQLITE_ERROR: no such column: user_id
2025-02-28T14:10:59.878Z - ERROR: Failed to fetch articles by userId
Error: Failed to fetch articles by userId
    at getArticleByUser (file:///C:/Users/DWWM/Desktop/Current%20Training/Exercices/exoNode/exercice11/routes/users.js:42:11)
    at async Server.requestListener (file:///C:/Users/DWWM/Desktop/Current%20Training/Exercices/exoNode/exercice11/server.js:61:30)
