2025-03-03T09:54:28.123Z - ERROR: Cannot read properties of undefined (reading 'writeHead')
TypeError: Cannot read properties of undefined (reading 'writeHead')
    at getAllUsers (file:///C:/Users/DWWM/Desktop/Current%20Training/Exercices/exoNode/exercice11/routes/users.js:14:9)
    at async Server.requestListener (file:///C:/Users/DWWM/Desktop/Current%20Training/Exercices/exoNode/exercice11/server.js:42:25)
2025-03-03T09:54:28.153Z - ERROR: Cannot read properties of undefined (reading 'writeHead')
TypeError: Cannot read properties of undefined (reading 'writeHead')
    at errorHandler (file:///C:/Users/DWWM/Desktop/Current%20Training/Exercices/exoNode/exercice11/utils/errors/errorHandler.js:3:7)
    at getAllUsers (file:///C:/Users/DWWM/Desktop/Current%20Training/Exercices/exoNode/exercice11/routes/users.js:18:5)
    at async Server.requestListener (file:///C:/Users/DWWM/Desktop/Current%20Training/Exercices/exoNode/exercice11/server.js:42:25)
2025-03-03T10:43:02.511Z - ERROR: Cannot read properties of undefined (reading 'writeHead')
TypeError: Cannot read properties of undefined (reading 'writeHead')
    at getAllUsers (file:///C:/Users/DWWM/Desktop/Current%20Training/Exercices/exoNode/exercice11/routes/users.js:14:9)
    at async file:///C:/Users/DWWM/Desktop/Current%20Training/Exercices/exoNode/exercice11/server.js:61:25
    at async Object.GET (file:///C:/Users/DWWM/Desktop/Current%20Training/Exercices/exoNode/exercice11/server.js:36:7)
2025-03-03T10:43:02.516Z - ERROR: Cannot read properties of undefined (reading 'writeHead')
TypeError: Cannot read properties of undefined (reading 'writeHead')
    at errorHandler (file:///C:/Users/DWWM/Desktop/Current%20Training/Exercices/exoNode/exercice11/utils/errors/errorHandler.js:3:7)
    at getAllUsers (file:///C:/Users/DWWM/Desktop/Current%20Training/Exercices/exoNode/exercice11/routes/users.js:18:5)
    at async file:///C:/Users/DWWM/Desktop/Current%20Training/Exercices/exoNode/exercice11/server.js:61:25
    at async Object.GET (file:///C:/Users/DWWM/Desktop/Current%20Training/Exercices/exoNode/exercice11/server.js:36:7)
2025-03-03T10:45:54.202Z - ERROR: Cannot read properties of undefined (reading 'writeHead')
TypeError: Cannot read properties of undefined (reading 'writeHead')
    at getAllUsers (file:///C:/Users/DWWM/Desktop/Current%20Training/Exercices/exoNode/exercice11/routes/users.js:15:9)
    at async file:///C:/Users/DWWM/Desktop/Current%20Training/Exercices/exoNode/exercice11/server.js:61:25
    at async Object.GET (file:///C:/Users/DWWM/Desktop/Current%20Training/Exercices/exoNode/exercice11/server.js:36:7)
2025-03-03T10:45:54.209Z - ERROR: Cannot read properties of undefined (reading 'writeHead')
TypeError: Cannot read properties of undefined (reading 'writeHead')
    at errorHandler (file:///C:/Users/DWWM/Desktop/Current%20Training/Exercices/exoNode/exercice11/utils/errors/errorHandler.js:3:7)
    at getAllUsers (file:///C:/Users/DWWM/Desktop/Current%20Training/Exercices/exoNode/exercice11/routes/users.js:20:5)
    at async file:///C:/Users/DWWM/Desktop/Current%20Training/Exercices/exoNode/exercice11/server.js:61:25
    at async Object.GET (file:///C:/Users/DWWM/Desktop/Current%20Training/Exercices/exoNode/exercice11/server.js:36:7)
2025-03-03T10:50:33.764Z - ERROR: Cannot read properties of undefined (reading 'writeHead')
TypeError: Cannot read properties of undefined (reading 'writeHead')
    at getAllUsers (file:///C:/Users/DWWM/Desktop/Current%20Training/Exercices/exoNode/exercice11/routes/users.js:15:9)
    at async file:///C:/Users/DWWM/Desktop/Current%20Training/Exercices/exoNode/exercice11/server.js:61:25
    at async Object.GET (file:///C:/Users/DWWM/Desktop/Current%20Training/Exercices/exoNode/exercice11/server.js:36:7)
2025-03-03T10:50:33.769Z - ERROR: Cannot read properties of undefined (reading 'writableEnded')
TypeError: Cannot read properties of undefined (reading 'writableEnded')
    at getAllUsers (file:///C:/Users/DWWM/Desktop/Current%20Training/Exercices/exoNode/exercice11/routes/users.js:20:14)
    at async file:///C:/Users/DWWM/Desktop/Current%20Training/Exercices/exoNode/exercice11/server.js:61:25
    at async Object.GET (file:///C:/Users/DWWM/Desktop/Current%20Training/Exercices/exoNode/exercice11/server.js:36:7)
2025-03-03T10:50:51.072Z - ERROR: Cannot read properties of undefined (reading 'writeHead')
TypeError: Cannot read properties of undefined (reading 'writeHead')
    at getAllUsers (file:///C:/Users/DWWM/Desktop/Current%20Training/Exercices/exoNode/exercice11/routes/users.js:15:9)
    at async file:///C:/Users/DWWM/Desktop/Current%20Training/Exercices/exoNode/exercice11/server.js:61:25
    at async Object.GET (file:///C:/Users/DWWM/Desktop/Current%20Training/Exercices/exoNode/exercice11/server.js:36:7)
2025-03-03T10:50:51.074Z - ERROR: Cannot read properties of undefined (reading 'writableEnded')
TypeError: Cannot read properties of undefined (reading 'writableEnded')
    at getAllUsers (file:///C:/Users/DWWM/Desktop/Current%20Training/Exercices/exoNode/exercice11/routes/users.js:20:14)
    at async file:///C:/Users/DWWM/Desktop/Current%20Training/Exercices/exoNode/exercice11/server.js:61:25
    at async Object.GET (file:///C:/Users/DWWM/Desktop/Current%20Training/Exercices/exoNode/exercice11/server.js:36:7)
2025-03-03T10:52:56.124Z - ERROR: Cannot read properties of undefined (reading 'writeHead')
TypeError: Cannot read properties of undefined (reading 'writeHead')
    at getAllUsers (file:///C:/Users/DWWM/Desktop/Current%20Training/Exercices/exoNode/exercice11/routes/users.js:15:9)
    at async file:///C:/Users/DWWM/Desktop/Current%20Training/Exercices/exoNode/exercice11/server.js:61:25
    at async Object.GET (file:///C:/Users/DWWM/Desktop/Current%20Training/Exercices/exoNode/exercice11/server.js:36:7)
2025-03-03T10:52:56.129Z - ERROR: Cannot read properties of undefined (reading 'writableEnded')
TypeError: Cannot read properties of undefined (reading 'writableEnded')
    at getAllUsers (file:///C:/Users/DWWM/Desktop/Current%20Training/Exercices/exoNode/exercice11/routes/users.js:20:14)
    at async file:///C:/Users/DWWM/Desktop/Current%20Training/Exercices/exoNode/exercice11/server.js:61:25
    at async Object.GET (file:///C:/Users/DWWM/Desktop/Current%20Training/Exercices/exoNode/exercice11/server.js:36:7)
2025-03-03T10:54:35.409Z - ERROR: Cannot write headers after they are sent to the client
Error [ERR_HTTP_HEADERS_SENT]: Cannot write headers after they are sent to the client
    at ServerResponse.writeHead (node:_http_server:351:11)
    at sendSuccess (file:///C:/Users/DWWM/Desktop/Current%20Training/Exercices/exoNode/exercice11/server.js:27:7)
    at file:///C:/Users/DWWM/Desktop/Current%20Training/Exercices/exoNode/exercice11/server.js:62:7
    at async Object.GET (file:///C:/Users/DWWM/Desktop/Current%20Training/Exercices/exoNode/exercice11/server.js:36:7)
2025-03-03T12:32:39.384Z - ERROR: Cannot read properties of undefined (reading 'writeHead')
TypeError: Cannot read properties of undefined (reading 'writeHead')
    at getAllUsers (file:///C:/Users/DWWM/Desktop/Current%20Training/Exercices/exoNode/exercice11/routes/users.js:15:9)
    at async Server.requestListener (file:///C:/Users/DWWM/Desktop/Current%20Training/Exercices/exoNode/exercice11/server.js:46:25)
2025-03-03T12:32:39.391Z - ERROR: Cannot read properties of undefined (reading 'writableEnded')
TypeError: Cannot read properties of undefined (reading 'writableEnded')
    at getAllUsers (file:///C:/Users/DWWM/Desktop/Current%20Training/Exercices/exoNode/exercice11/routes/users.js:20:14)
    at async Server.requestListener (file:///C:/Users/DWWM/Desktop/Current%20Training/Exercices/exoNode/exercice11/server.js:46:25)
2025-03-03T12:32:40.540Z - ERROR: Cannot read properties of undefined (reading 'writeHead')
TypeError: Cannot read properties of undefined (reading 'writeHead')
    at getAllUsers (file:///C:/Users/DWWM/Desktop/Current%20Training/Exercices/exoNode/exercice11/routes/users.js:15:9)
    at async Server.requestListener (file:///C:/Users/DWWM/Desktop/Current%20Training/Exercices/exoNode/exercice11/server.js:46:25)
2025-03-03T12:32:40.543Z - ERROR: Cannot read properties of undefined (reading 'writableEnded')
TypeError: Cannot read properties of undefined (reading 'writableEnded')
    at getAllUsers (file:///C:/Users/DWWM/Desktop/Current%20Training/Exercices/exoNode/exercice11/routes/users.js:20:14)
    at async Server.requestListener (file:///C:/Users/DWWM/Desktop/Current%20Training/Exercices/exoNode/exercice11/server.js:46:25)
2025-03-03T12:37:02.064Z - ERROR: Cannot read properties of undefined (reading 'writeHead')
TypeError: Cannot read properties of undefined (reading 'writeHead')
    at getAllUsers (file:///C:/Users/DWWM/Desktop/Current%20Training/Exercices/exoNode/exercice11/routes/users.js:15:9)
    at async Server.requestListener (file:///C:/Users/DWWM/Desktop/Current%20Training/Exercices/exoNode/exercice11/server.js:46:25)
2025-03-03T12:37:02.073Z - ERROR: Cannot read properties of undefined (reading 'writableEnded')
TypeError: Cannot read properties of undefined (reading 'writableEnded')
    at getAllUsers (file:///C:/Users/DWWM/Desktop/Current%20Training/Exercices/exoNode/exercice11/routes/users.js:20:14)
    at async Server.requestListener (file:///C:/Users/DWWM/Desktop/Current%20Training/Exercices/exoNode/exercice11/server.js:46:25)
2025-03-03T12:37:02.201Z - ERROR: Cannot read properties of undefined (reading 'writeHead')
TypeError: Cannot read properties of undefined (reading 'writeHead')
    at getAllUsers (file:///C:/Users/DWWM/Desktop/Current%20Training/Exercices/exoNode/exercice11/routes/users.js:15:9)
    at async Server.requestListener (file:///C:/Users/DWWM/Desktop/Current%20Training/Exercices/exoNode/exercice11/server.js:46:25)
2025-03-03T12:37:02.203Z - ERROR: Cannot read properties of undefined (reading 'writableEnded')
TypeError: Cannot read properties of undefined (reading 'writableEnded')
    at getAllUsers (file:///C:/Users/DWWM/Desktop/Current%20Training/Exercices/exoNode/exercice11/routes/users.js:20:14)
    at async Server.requestListener (file:///C:/Users/DWWM/Desktop/Current%20Training/Exercices/exoNode/exercice11/server.js:46:25)
2025-03-03T12:38:30.066Z - ERROR: Cannot read properties of undefined (reading 'writeHead')
TypeError: Cannot read properties of undefined (reading 'writeHead')
    at getAllUsers (file:///C:/Users/DWWM/Desktop/Current%20Training/Exercices/exoNode/exercice11/routes/users.js:15:9)
    at async Server.requestListener (file:///C:/Users/DWWM/Desktop/Current%20Training/Exercices/exoNode/exercice11/server.js:46:25)
2025-03-03T12:38:30.069Z - ERROR: Cannot read properties of undefined (reading 'writableEnded')
TypeError: Cannot read properties of undefined (reading 'writableEnded')
    at getAllUsers (file:///C:/Users/DWWM/Desktop/Current%20Training/Exercices/exoNode/exercice11/routes/users.js:20:14)
    at async Server.requestListener (file:///C:/Users/DWWM/Desktop/Current%20Training/Exercices/exoNode/exercice11/server.js:46:25)
2025-03-03T12:38:30.768Z - ERROR: Cannot read properties of undefined (reading 'writeHead')
TypeError: Cannot read properties of undefined (reading 'writeHead')
    at getAllUsers (file:///C:/Users/DWWM/Desktop/Current%20Training/Exercices/exoNode/exercice11/routes/users.js:15:9)
    at async Server.requestListener (file:///C:/Users/DWWM/Desktop/Current%20Training/Exercices/exoNode/exercice11/server.js:46:25)
2025-03-03T12:38:30.774Z - ERROR: Cannot read properties of undefined (reading 'writableEnded')
TypeError: Cannot read properties of undefined (reading 'writableEnded')
    at getAllUsers (file:///C:/Users/DWWM/Desktop/Current%20Training/Exercices/exoNode/exercice11/routes/users.js:20:14)
    at async Server.requestListener (file:///C:/Users/DWWM/Desktop/Current%20Training/Exercices/exoNode/exercice11/server.js:46:25)
2025-03-03T12:39:48.275Z - ERROR: Cannot read properties of undefined (reading 'split')
TypeError: Cannot read properties of undefined (reading 'split')
    at getUserById (file:///C:/Users/DWWM/Desktop/Current%20Training/Exercices/exoNode/exercice11/routes/users.js:29:33)
    at Server.requestListener (file:///C:/Users/DWWM/Desktop/Current%20Training/Exercices/exoNode/exercice11/server.js:144:28)
    at Server.emit (node:events:518:28)
    at parserOnIncoming (node:_http_server:1153:12)
    at HTTPParser.parserOnHeadersComplete (node:_http_common:117:17)
2025-03-03T12:40:08.292Z - ERROR: Cannot read properties of undefined (reading 'split')
TypeError: Cannot read properties of undefined (reading 'split')
    at getUserById (file:///C:/Users/DWWM/Desktop/Current%20Training/Exercices/exoNode/exercice11/routes/users.js:26:33)
    at Server.requestListener (file:///C:/Users/DWWM/Desktop/Current%20Training/Exercices/exoNode/exercice11/server.js:144:28)
    at Server.emit (node:events:518:28)
    at parserOnIncoming (node:_http_server:1153:12)
    at HTTPParser.parserOnHeadersComplete (node:_http_common:117:17)
2025-03-03T12:40:21.523Z - ERROR: Cannot read properties of undefined (reading 'split')
TypeError: Cannot read properties of undefined (reading 'split')
    at getUserById (file:///C:/Users/DWWM/Desktop/Current%20Training/Exercices/exoNode/exercice11/routes/users.js:26:33)
    at Server.requestListener (file:///C:/Users/DWWM/Desktop/Current%20Training/Exercices/exoNode/exercice11/server.js:144:28)
    at Server.emit (node:events:518:28)
    at parserOnIncoming (node:_http_server:1153:12)
    at HTTPParser.parserOnHeadersComplete (node:_http_common:117:17)
2025-03-03T12:40:39.747Z - ERROR: Cannot read properties of undefined (reading 'split')
TypeError: Cannot read properties of undefined (reading 'split')
    at getUserById (file:///C:/Users/DWWM/Desktop/Current%20Training/Exercices/exoNode/exercice11/routes/users.js:26:33)
    at Server.requestListener (file:///C:/Users/DWWM/Desktop/Current%20Training/Exercices/exoNode/exercice11/server.js:144:28)
    at Server.emit (node:events:518:28)
    at parserOnIncoming (node:_http_server:1153:12)
    at HTTPParser.parserOnHeadersComplete (node:_http_common:117:17)
2025-03-03T12:40:39.752Z - ERROR: Cannot read properties of undefined (reading 'writeHead')
TypeError: Cannot read properties of undefined (reading 'writeHead')
    at errorHandler (file:///C:/Users/DWWM/Desktop/Current%20Training/Exercices/exoNode/exercice11/utils/errors/errorHandler.js:3:7)
    at getUserById (file:///C:/Users/DWWM/Desktop/Current%20Training/Exercices/exoNode/exercice11/routes/users.js:42:5)
    at async Server.requestListener (file:///C:/Users/DWWM/Desktop/Current%20Training/Exercices/exoNode/exercice11/server.js:144:22)
2025-03-03T13:16:45.012Z - ERROR: Cannot read properties of undefined (reading 'writeHead')
TypeError: Cannot read properties of undefined (reading 'writeHead')
    at getAllUsers (file:///C:/Users/DWWM/Desktop/Current%20Training/Exercices/exoNode/exercice11/routes/users.js:15:9)
    at async Server.requestListener (file:///C:/Users/DWWM/Desktop/Current%20Training/Exercices/exoNode/exercice11/server.js:46:25)
2025-03-03T13:16:55.572Z - ERROR: ID invalide
ValidationError: ID invalide
    at getUserById (file:///C:/Users/DWWM/Desktop/Current%20Training/Exercices/exoNode/exercice11/routes/users.js:26:13)
    at Server.requestListener (file:///C:/Users/DWWM/Desktop/Current%20Training/Exercices/exoNode/exercice11/server.js:144:28)
    at Server.emit (node:events:518:28)
    at parserOnIncoming (node:_http_server:1153:12)
    at HTTPParser.parserOnHeadersComplete (node:_http_common:117:17)
2025-03-03T13:16:55.577Z - ERROR: Cannot read properties of undefined (reading 'writeHead')
TypeError: Cannot read properties of undefined (reading 'writeHead')
    at errorHandler (file:///C:/Users/DWWM/Desktop/Current%20Training/Exercices/exoNode/exercice11/utils/errors/errorHandler.js:3:7)
    at getUserById (file:///C:/Users/DWWM/Desktop/Current%20Training/Exercices/exoNode/exercice11/routes/users.js:40:5)
    at async Server.requestListener (file:///C:/Users/DWWM/Desktop/Current%20Training/Exercices/exoNode/exercice11/server.js:144:22)
2025-03-03T13:16:55.751Z - ERROR: ID invalide
ValidationError: ID invalide
    at getUserById (file:///C:/Users/DWWM/Desktop/Current%20Training/Exercices/exoNode/exercice11/routes/users.js:26:13)
    at Server.requestListener (file:///C:/Users/DWWM/Desktop/Current%20Training/Exercices/exoNode/exercice11/server.js:144:28)
    at Server.emit (node:events:518:28)
    at parserOnIncoming (node:_http_server:1153:12)
    at HTTPParser.parserOnHeadersComplete (node:_http_common:117:17)
2025-03-03T13:16:55.754Z - ERROR: Cannot read properties of undefined (reading 'writeHead')
TypeError: Cannot read properties of undefined (reading 'writeHead')
    at errorHandler (file:///C:/Users/DWWM/Desktop/Current%20Training/Exercices/exoNode/exercice11/utils/errors/errorHandler.js:3:7)
    at getUserById (file:///C:/Users/DWWM/Desktop/Current%20Training/Exercices/exoNode/exercice11/routes/users.js:40:5)
    at async Server.requestListener (file:///C:/Users/DWWM/Desktop/Current%20Training/Exercices/exoNode/exercice11/server.js:144:22)
2025-03-03T13:17:19.698Z - ERROR: Cannot read properties of undefined (reading 'split')
TypeError: Cannot read properties of undefined (reading 'split')
    at getUserById (file:///C:/Users/DWWM/Desktop/Current%20Training/Exercices/exoNode/exercice11/routes/users.js:26:33)
    at Server.requestListener (file:///C:/Users/DWWM/Desktop/Current%20Training/Exercices/exoNode/exercice11/server.js:144:28)
    at Server.emit (node:events:518:28)
    at parserOnIncoming (node:_http_server:1153:12)
    at HTTPParser.parserOnHeadersComplete (node:_http_common:117:17)
2025-03-03T13:17:19.707Z - ERROR: Cannot read properties of undefined (reading 'writeHead')
TypeError: Cannot read properties of undefined (reading 'writeHead')
    at errorHandler (file:///C:/Users/DWWM/Desktop/Current%20Training/Exercices/exoNode/exercice11/utils/errors/errorHandler.js:3:7)
    at getUserById (file:///C:/Users/DWWM/Desktop/Current%20Training/Exercices/exoNode/exercice11/routes/users.js:42:5)
    at async Server.requestListener (file:///C:/Users/DWWM/Desktop/Current%20Training/Exercices/exoNode/exercice11/server.js:144:22)
2025-03-03T13:17:20.901Z - ERROR: Cannot read properties of undefined (reading 'split')
TypeError: Cannot read properties of undefined (reading 'split')
    at getUserById (file:///C:/Users/DWWM/Desktop/Current%20Training/Exercices/exoNode/exercice11/routes/users.js:26:33)
    at Server.requestListener (file:///C:/Users/DWWM/Desktop/Current%20Training/Exercices/exoNode/exercice11/server.js:144:28)
    at Server.emit (node:events:518:28)
    at parserOnIncoming (node:_http_server:1153:12)
    at HTTPParser.parserOnHeadersComplete (node:_http_common:117:17)
2025-03-03T13:17:20.918Z - ERROR: Cannot read properties of undefined (reading 'writeHead')
TypeError: Cannot read properties of undefined (reading 'writeHead')
    at errorHandler (file:///C:/Users/DWWM/Desktop/Current%20Training/Exercices/exoNode/exercice11/utils/errors/errorHandler.js:3:7)
    at getUserById (file:///C:/Users/DWWM/Desktop/Current%20Training/Exercices/exoNode/exercice11/routes/users.js:42:5)
    at async Server.requestListener (file:///C:/Users/DWWM/Desktop/Current%20Training/Exercices/exoNode/exercice11/server.js:144:22)
2025-03-03T13:17:45.634Z - ERROR: ID invalide
ValidationError: ID invalide
    at getUserById (file:///C:/Users/DWWM/Desktop/Current%20Training/Exercices/exoNode/exercice11/routes/users.js:26:13)
    at Server.requestListener (file:///C:/Users/DWWM/Desktop/Current%20Training/Exercices/exoNode/exercice11/server.js:144:28)
    at Server.emit (node:events:518:28)
    at parserOnIncoming (node:_http_server:1153:12)
    at HTTPParser.parserOnHeadersComplete (node:_http_common:117:17)
2025-03-03T13:17:45.640Z - ERROR: Cannot read properties of undefined (reading 'writeHead')
TypeError: Cannot read properties of undefined (reading 'writeHead')
    at errorHandler (file:///C:/Users/DWWM/Desktop/Current%20Training/Exercices/exoNode/exercice11/utils/errors/errorHandler.js:3:7)
    at getUserById (file:///C:/Users/DWWM/Desktop/Current%20Training/Exercices/exoNode/exercice11/routes/users.js:40:5)
    at async Server.requestListener (file:///C:/Users/DWWM/Desktop/Current%20Training/Exercices/exoNode/exercice11/server.js:144:22)
2025-03-03T13:20:01.826Z - ERROR: Utilisateur non trouvé
NotFoundError: Utilisateur non trouvé
    at getUserById (file:///C:/Users/DWWM/Desktop/Current%20Training/Exercices/exoNode/exercice11/routes/users.js:33:13)
    at async Server.requestListener (file:///C:/Users/DWWM/Desktop/Current%20Training/Exercices/exoNode/exercice11/server.js:149:9)
2025-03-03T13:21:06.323Z - ERROR: Utilisateur non trouvé
NotFoundError: Utilisateur non trouvé
    at getUserById (file:///C:/Users/DWWM/Desktop/Current%20Training/Exercices/exoNode/exercice11/routes/users.js:33:13)
    at async Server.requestListener (file:///C:/Users/DWWM/Desktop/Current%20Training/Exercices/exoNode/exercice11/server.js:149:9)
2025-03-03T13:21:08.404Z - ERROR: Utilisateur non trouvé
NotFoundError: Utilisateur non trouvé
    at getUserById (file:///C:/Users/DWWM/Desktop/Current%20Training/Exercices/exoNode/exercice11/routes/users.js:33:13)
    at async Server.requestListener (file:///C:/Users/DWWM/Desktop/Current%20Training/Exercices/exoNode/exercice11/server.js:149:9)
2025-03-03T13:21:10.481Z - ERROR: Cannot read properties of undefined (reading 'split')
TypeError: Cannot read properties of undefined (reading 'split')
    at getArticleByUser (file:///C:/Users/DWWM/Desktop/Current%20Training/Exercices/exoNode/exercice11/routes/users.js:47:33)
    at Server.requestListener (file:///C:/Users/DWWM/Desktop/Current%20Training/Exercices/exoNode/exercice11/server.js:64:36)
    at Server.emit (node:events:518:28)
    at parserOnIncoming (node:_http_server:1153:12)
    at HTTPParser.parserOnHeadersComplete (node:_http_common:117:17)
2025-03-03T13:21:10.484Z - ERROR: Cannot read properties of undefined (reading 'writeHead')
TypeError: Cannot read properties of undefined (reading 'writeHead')
    at errorHandler (file:///C:/Users/DWWM/Desktop/Current%20Training/Exercices/exoNode/exercice11/utils/errors/errorHandler.js:3:7)
    at getArticleByUser (file:///C:/Users/DWWM/Desktop/Current%20Training/Exercices/exoNode/exercice11/routes/users.js:66:5)
    at async Server.requestListener (file:///C:/Users/DWWM/Desktop/Current%20Training/Exercices/exoNode/exercice11/server.js:64:30)
2025-03-03T13:21:14.427Z - ERROR: Utilisateur non trouvé
NotFoundError: Utilisateur non trouvé
    at getUserById (file:///C:/Users/DWWM/Desktop/Current%20Training/Exercices/exoNode/exercice11/routes/users.js:33:13)
    at async Server.requestListener (file:///C:/Users/DWWM/Desktop/Current%20Training/Exercices/exoNode/exercice11/server.js:149:9)
2025-03-03T13:21:22.639Z - ERROR: Cannot read properties of undefined (reading 'writeHead')
TypeError: Cannot read properties of undefined (reading 'writeHead')
    at getAllUsers (file:///C:/Users/DWWM/Desktop/Current%20Training/Exercices/exoNode/exercice11/routes/users.js:15:9)
    at async Server.requestListener (file:///C:/Users/DWWM/Desktop/Current%20Training/Exercices/exoNode/exercice11/server.js:46:25)
2025-03-03T13:29:50.750Z - ERROR: Cannot write headers after they are sent to the client
Error [ERR_HTTP_HEADERS_SENT]: Cannot write headers after they are sent to the client
    at ServerResponse.writeHead (node:_http_server:351:11)
    at Server.requestListener (file:///C:/Users/DWWM/Desktop/Current%20Training/Exercices/exoNode/exercice11/server.js:48:11)
2025-03-03T13:47:33.625Z - ERROR: Cannot write headers after they are sent to the client
Error [ERR_HTTP_HEADERS_SENT]: Cannot write headers after they are sent to the client
    at ServerResponse.writeHead (node:_http_server:351:11)
    at Server.requestListener (file:///C:/Users/DWWM/Desktop/Current%20Training/Exercices/exoNode/exercice11/server.js:48:11)
2025-03-03T14:31:43.732Z - ERROR: Cannot write headers after they are sent to the client
Error [ERR_HTTP_HEADERS_SENT]: Cannot write headers after they are sent to the client
    at ServerResponse.writeHead (node:_http_server:351:11)
    at Server.requestListener (file:///C:/Users/DWWM/Desktop/Current%20Training/Exercices/exoNode/exercice11/server.js:48:11)
2025-03-03T14:32:14.084Z - ERROR: Cannot write headers after they are sent to the client
Error [ERR_HTTP_HEADERS_SENT]: Cannot write headers after they are sent to the client
    at ServerResponse.writeHead (node:_http_server:351:11)
    at Server.requestListener (file:///C:/Users/DWWM/Desktop/Current%20Training/Exercices/exoNode/exercice11/server.js:48:11)
2025-03-03T14:36:14.472Z - ERROR: Utilisateur non trouvé
NotFoundError: Utilisateur non trouvé
    at getUserById (file:///C:/Users/DWWM/Desktop/Current%20Training/Exercices/exoNode/exercice11/routes/users.js:41:13)
    at async Server.requestListener (file:///C:/Users/DWWM/Desktop/Current%20Training/Exercices/exoNode/exercice11/server.js:151:9)
2025-03-03T14:36:14.834Z - ERROR: Utilisateur non trouvé
NotFoundError: Utilisateur non trouvé
    at getUserById (file:///C:/Users/DWWM/Desktop/Current%20Training/Exercices/exoNode/exercice11/routes/users.js:41:13)
    at async Server.requestListener (file:///C:/Users/DWWM/Desktop/Current%20Training/Exercices/exoNode/exercice11/server.js:151:9)
